<?xml version="1.0" encoding="UTF-8"?>
<!-- Generated by org.testng.reporters.JUnitReportReporter -->
<testsuite skipped="0" hostname="BLR-9YB1M13-10L" name="testRunner.TestRunner" tests="1" failures="0" timestamp="2020-09-13T23:12:07 IST" time="15.214" errors="0">
  <testcase name="feature" time="15.214" classname="testRunner.TestRunner"/>
  <system-out/>
</testsuite> <!-- testRunner.TestRunner -->
